# JRE version: Java(TM) SE Runtime Environment (8.0_171-b11) (build 1.8.0_171-b11)
# Java VM: Java HotSpot(TM) 64-Bit Server VM (25.171-b11 mixed mode linux-amd64 compressed oops)
Heap:
 PSYoungGen      total 490496K, used 313386K [0x000000076d580000, 0x0000000790700000, 0x00000007c0000000)
  eden space 461312K, 63% used [0x000000076d580000,0x000000077f280ee0,0x0000000789800000)
  from space 29184K, 73% used [0x0000000789800000,0x000000078ad09a30,0x000000078b480000)
  to   space 30720K, 0% used [0x000000078e900000,0x000000078e900000,0x0000000790700000)
 ParOldGen       total 231424K, used 57850K [0x00000006c8000000, 0x00000006d6200000, 0x000000076d580000)
  object space 231424K, 24% used [0x00000006c8000000,0x00000006cb87ea50,0x00000006d6200000)
 Metaspace       used 95721K, capacity 105041K, committed 105384K, reserved 1138688K
  class space    used 13583K, capacity 15410K, committed 15536K, reserved 1048576K
GC Heap History (10 events):
Event: 36,111 GC heap before
{Heap before GC invocations=21 (full 4):
 PSYoungGen      total 373760K, used 351232K [0x000000076d580000, 0x0000000786480000, 0x00000007c0000000)
  eden space 351232K, 100% used [0x000000076d580000,0x0000000782c80000,0x0000000782c80000)
  from space 22528K, 0% used [0x0000000784e80000,0x0000000784e80000,0x0000000786480000)
  to   space 28672K, 0% used [0x0000000782c80000,0x0000000782c80000,0x0000000784880000)
 ParOldGen       total 231424K, used 57810K [0x00000006c8000000, 0x00000006d6200000, 0x000000076d580000)
  object space 231424K, 24% used [0x00000006c8000000,0x00000006cb874a50,0x00000006d6200000)
 Metaspace       used 90632K, capacity 99349K, committed 99624K, reserved 1134592K
  class space    used 13361K, capacity 15107K, committed 15152K, reserved 1048576K
Event: 36,117 GC heap after
Heap after GC invocations=21 (full 4):
 PSYoungGen      total 379904K, used 9488K [0x000000076d580000, 0x000000078a100000, 0x00000007c0000000)
  eden space 351232K, 0% used [0x000000076d580000,0x000000076d580000,0x0000000782c80000)
  from space 28672K, 33% used [0x0000000782c80000,0x00000007835c4288,0x0000000784880000)
  to   space 27136K, 0% used [0x0000000788680000,0x0000000788680000,0x000000078a100000)
 ParOldGen       total 231424K, used 57818K [0x00000006c8000000, 0x00000006d6200000, 0x000000076d580000)
  object space 231424K, 24% used [0x00000006c8000000,0x00000006cb876a50,0x00000006d6200000)
 Metaspace       used 90632K, capacity 99349K, committed 99624K, reserved 1134592K
  class space    used 13361K, capacity 15107K, committed 15152K, reserved 1048576K
}
Event: 40,550 GC heap before
{Heap before GC invocations=22 (full 4):
 PSYoungGen      total 379904K, used 360720K [0x000000076d580000, 0x000000078a100000, 0x00000007c0000000)
  eden space 351232K, 100% used [0x000000076d580000,0x0000000782c80000,0x0000000782c80000)
  from space 28672K, 33% used [0x0000000782c80000,0x00000007835c4288,0x0000000784880000)
  to   space 27136K, 0% used [0x0000000788680000,0x0000000788680000,0x000000078a100000)
 ParOldGen       total 231424K, used 57818K [0x00000006c8000000, 0x00000006d6200000, 0x000000076d580000)
  object space 231424K, 24% used [0x00000006c8000000,0x00000006cb876a50,0x00000006d6200000)
 Metaspace       used 91981K, capacity 100917K, committed 101032K, reserved 1134592K
  class space    used 13450K, capacity 15227K, committed 15280K, reserved 1048576K
Event: 40,560 GC heap after
Heap after GC invocations=22 (full 4):
 PSYoungGen      total 422912K, used 10380K [0x000000076d580000, 0x0000000789580000, 0x00000007c0000000)
  eden space 407552K, 0% used [0x000000076d580000,0x000000076d580000,0x0000000786380000)
  from space 15360K, 67% used [0x0000000788680000,0x00000007890a3268,0x0000000789580000)
  to   space 25600K, 0% used [0x0000000786380000,0x0000000786380000,0x0000000787c80000)
 ParOldGen       total 231424K, used 57826K [0x00000006c8000000, 0x00000006d6200000, 0x000000076d580000)
  object space 231424K, 24% used [0x00000006c8000000,0x00000006cb878a50,0x00000006d6200000)
 Metaspace       used 91981K, capacity 100917K, committed 101032K, reserved 1134592K
  class space    used 13450K, capacity 15227K, committed 15280K, reserved 1048576K
}
Event: 41,691 GC heap before
{Heap before GC invocations=23 (full 4):
 PSYoungGen      total 422912K, used 417932K [0x000000076d580000, 0x0000000789580000, 0x00000007c0000000)
  eden space 407552K, 100% used [0x000000076d580000,0x0000000786380000,0x0000000786380000)
  from space 15360K, 67% used [0x0000000788680000,0x00000007890a3268,0x0000000789580000)
  to   space 25600K, 0% used [0x0000000786380000,0x0000000786380000,0x0000000787c80000)
 ParOldGen       total 231424K, used 57826K [0x00000006c8000000, 0x00000006d6200000, 0x000000076d580000)
  object space 231424K, 24% used [0x00000006c8000000,0x00000006cb878a50,0x00000006d6200000)
 Metaspace       used 92061K, capacity 100941K, committed 101032K, reserved 1134592K
  class space    used 13451K, capacity 15227K, committed 15280K, reserved 1048576K
Event: 41,700 GC heap after
Heap after GC invocations=23 (full 4):
 PSYoungGen      total 433152K, used 17675K [0x000000076d580000, 0x000000078d280000, 0x00000007c0000000)
  eden space 407552K, 0% used [0x000000076d580000,0x000000076d580000,0x0000000786380000)
  from space 25600K, 69% used [0x0000000786380000,0x00000007874c2cc8,0x0000000787c80000)
  to   space 26624K, 0% used [0x000000078b880000,0x000000078b880000,0x000000078d280000)
 ParOldGen       total 231424K, used 57834K [0x00000006c8000000, 0x00000006d6200000, 0x000000076d580000)
  object space 231424K, 24% used [0x00000006c8000000,0x00000006cb87aa50,0x00000006d6200000)
 Metaspace       used 92061K, capacity 100941K, committed 101032K, reserved 1134592K
  class space    used 13451K, capacity 15227K, committed 15280K, reserved 1048576K
}
Event: 44,795 GC heap before
{Heap before GC invocations=24 (full 4):
 PSYoungGen      total 433152K, used 423911K [0x000000076d580000, 0x000000078d280000, 0x00000007c0000000)
  eden space 407552K, 99% used [0x000000076d580000,0x0000000786236f48,0x0000000786380000)
  from space 25600K, 69% used [0x0000000786380000,0x00000007874c2cc8,0x0000000787c80000)
  to   space 26624K, 0% used [0x000000078b880000,0x000000078b880000,0x000000078d280000)
 ParOldGen       total 231424K, used 57834K [0x00000006c8000000, 0x00000006d6200000, 0x000000076d580000)
  object space 231424K, 24% used [0x00000006c8000000,0x00000006cb87aa50,0x00000006d6200000)
 Metaspace       used 94222K, capacity 103227K, committed 103464K, reserved 1136640K
  class space    used 13552K, capacity 15350K, committed 15408K, reserved 1048576K
Event: 44,809 GC heap after
Heap after GC invocations=24 (full 4):
 PSYoungGen      total 486400K, used 22423K [0x000000076d580000, 0x000000078d100000, 0x00000007c0000000)
  eden space 461312K, 0% used [0x000000076d580000,0x000000076d580000,0x0000000789800000)
  from space 25088K, 89% used [0x000000078b880000,0x000000078ce65e10,0x000000078d100000)
  to   space 29184K, 0% used [0x0000000789800000,0x0000000789800000,0x000000078b480000)
 ParOldGen       total 231424K, used 57842K [0x00000006c8000000, 0x00000006d6200000, 0x000000076d580000)
  object space 231424K, 24% used [0x00000006c8000000,0x00000006cb87ca50,0x00000006d6200000)
 Metaspace       used 94222K, capacity 103227K, committed 103464K, reserved 1136640K
  class space    used 13552K, capacity 15350K, committed 15408K, reserved 1048576K
}
Event: 50,296 GC heap before
{Heap before GC invocations=25 (full 4):
 PSYoungGen      total 486400K, used 483735K [0x000000076d580000, 0x000000078d100000, 0x00000007c0000000)
  eden space 461312K, 100% used [0x000000076d580000,0x0000000789800000,0x0000000789800000)
  from space 25088K, 89% used [0x000000078b880000,0x000000078ce65e10,0x000000078d100000)
  to   space 29184K, 0% used [0x0000000789800000,0x0000000789800000,0x000000078b480000)
 ParOldGen       total 231424K, used 57842K [0x00000006c8000000, 0x00000006d6200000, 0x000000076d580000)
  object space 231424K, 24% used [0x00000006c8000000,0x00000006cb87ca50,0x00000006d6200000)
 Metaspace       used 95321K, capacity 104547K, committed 104744K, reserved 1138688K
  class space    used 13579K, capacity 15402K, committed 15408K, reserved 1048576K
Event: 50,311 GC heap after
Heap after GC invocations=25 (full 4):
 PSYoungGen      total 490496K, used 21542K [0x000000076d580000, 0x0000000790700000, 0x00000007c0000000)
  eden space 461312K, 0% used [0x000000076d580000,0x000000076d580000,0x0000000789800000)
  from space 29184K, 73% used [0x0000000789800000,0x000000078ad09a30,0x000000078b480000)
  to   space 30720K, 0% used [0x000000078e900000,0x000000078e900000,0x0000000790700000)
 ParOldGen       total 231424K, used 57850K [0x00000006c8000000, 0x00000006d6200000, 0x000000076d580000)
  object space 231424K, 24% used [0x00000006c8000000,0x00000006cb87ea50,0x00000006d6200000)
 Metaspace       used 95321K, capacity 104547K, committed 104744K, reserved 1138688K
  class space    used 13579K, capacity 15402K, committed 15408K, reserved 1048576K
}

